2021-09-11 13:52:58,997 DEBUG [main] cache:45 - Couldn't find template in cache for "Extent.ftl"("en_IN", UTF-8, parsed); will try to load it.
2021-09-11 13:52:59,001 DEBUG [main] cache:45 - TemplateLoader.findTemplateSource("Extent_en_IN.ftl"): Not found
2021-09-11 13:52:59,008 DEBUG [main] cache:45 - TemplateLoader.findTemplateSource("Extent_en.ftl"): Not found
2021-09-11 13:52:59,011 DEBUG [main] cache:45 - TemplateLoader.findTemplateSource("Extent.ftl"): Found
2021-09-11 13:52:59,011 DEBUG [main] cache:45 - Loading template for "Extent.ftl"("en_IN", UTF-8, parsed) from "jar:file:/C:/Users/Debanjan/.m2/repository/com/relevantcodes/extentreports/2.41.2/extentreports-2.41.2.jar!/com/relevantcodes/extentreports/view/Extent.ftl"
2021-09-11 13:52:59,516 DEBUG [main] cache:45 - Couldn't find template in cache for "Extent.ftl"("en_IN", UTF-8, parsed); will try to load it.
2021-09-11 13:52:59,524 DEBUG [main] cache:45 - TemplateLoader.findTemplateSource("Extent_en_IN.ftl"): Not found
2021-09-11 13:52:59,525 DEBUG [main] cache:45 - TemplateLoader.findTemplateSource("Extent_en.ftl"): Not found
2021-09-11 13:52:59,526 DEBUG [main] cache:45 - TemplateLoader.findTemplateSource("Extent.ftl"): Found
2021-09-11 13:52:59,526 DEBUG [main] cache:45 - Loading template for "Extent.ftl"("en_IN", UTF-8, parsed) from "jar:file:/C:/Users/Debanjan/.m2/repository/com/relevantcodes/extentreports/2.41.2/extentreports-2.41.2.jar!/com/relevantcodes/extentreports/view/Extent.ftl"
2021-09-11 14:03:26,773 DEBUG [main] cache:45 - Couldn't find template in cache for "Extent.ftl"("en_IN", UTF-8, parsed); will try to load it.
2021-09-11 14:03:26,777 DEBUG [main] cache:45 - TemplateLoader.findTemplateSource("Extent_en_IN.ftl"): Not found
2021-09-11 14:03:26,781 DEBUG [main] cache:45 - TemplateLoader.findTemplateSource("Extent_en.ftl"): Not found
2021-09-11 14:03:26,782 DEBUG [main] cache:45 - TemplateLoader.findTemplateSource("Extent.ftl"): Found
2021-09-11 14:03:26,783 DEBUG [main] cache:45 - Loading template for "Extent.ftl"("en_IN", UTF-8, parsed) from "jar:file:/C:/Users/Debanjan/.m2/repository/com/relevantcodes/extentreports/2.41.2/extentreports-2.41.2.jar!/com/relevantcodes/extentreports/view/Extent.ftl"
2021-09-11 14:03:27,257 DEBUG [main] cache:45 - Couldn't find template in cache for "Extent.ftl"("en_IN", UTF-8, parsed); will try to load it.
2021-09-11 14:03:27,258 DEBUG [main] cache:45 - TemplateLoader.findTemplateSource("Extent_en_IN.ftl"): Not found
2021-09-11 14:03:27,259 DEBUG [main] cache:45 - TemplateLoader.findTemplateSource("Extent_en.ftl"): Not found
2021-09-11 14:03:27,260 DEBUG [main] cache:45 - TemplateLoader.findTemplateSource("Extent.ftl"): Found
2021-09-11 14:03:27,261 DEBUG [main] cache:45 - Loading template for "Extent.ftl"("en_IN", UTF-8, parsed) from "jar:file:/C:/Users/Debanjan/.m2/repository/com/relevantcodes/extentreports/2.41.2/extentreports-2.41.2.jar!/com/relevantcodes/extentreports/view/Extent.ftl"
